exampleApp/app/build/intermediates/manifest_merge_blame_file/release/manifest-merger-blame-release-report.txt
1<?xml version="1.0" encoding="utf-8"?>
2<manifest xmlns:android="http://schemas.android.com/apk/res/android"
3    package="com.mycompany.myapp2"
4    android:versionCode="1"
5    android:versionName="1.0" >
6
7    <uses-sdk
8        android:minSdkVersion="21"
8-->src/main/AndroidManifest.xml
9        android:targetSdkVersion="29" />
9-->src/main/AndroidManifest.xml
10
11    <application
11-->src/main/AndroidManifest.xml:6:5-28:19
12        android:allowBackup="true"
12-->src/main/AndroidManifest.xml:7:9-35
13        android:appComponentFactory="androidx.core.app.CoreComponentFactory"
13-->[androidx.core:core:1.1.0] AndroidManifest.xml:24:18-86
14        android:icon="@mipmap/ic_launcher"
14-->src/main/AndroidManifest.xml:8:9-43
15        android:label="@string/app_name"
15-->src/main/AndroidManifest.xml:10:9-41
16        android:resizeableActivity="false"
16-->src/main/AndroidManifest.xml:12:9-43
17        android:roundIcon="@mipmap/ic_launcher_round"
17-->src/main/AndroidManifest.xml:9:9-54
18        android:theme="@style/AppTheme" >
18-->src/main/AndroidManifest.xml:11:9-40
19        <activity
19-->src/main/AndroidManifest.xml:14:9-22:20
20            android:name="com.mycompany.myapp2.MainActivity"
20-->src/main/AndroidManifest.xml:15:13-41
21            android:label="@string/app_name" >
21-->src/main/AndroidManifest.xml:16:13-45
22            <intent-filter>
22-->src/main/AndroidManifest.xml:17:13-21:29
23                <action android:name="android.intent.action.MAIN" />
23-->src/main/AndroidManifest.xml:18:5-56
23-->src/main/AndroidManifest.xml:18:13-54
24
25                <category android:name="android.intent.category.LAUNCHER" />
25-->src/main/AndroidManifest.xml:20:17-76
25-->src/main/AndroidManifest.xml:20:27-74
26            </intent-filter>
27        </activity>
28
29        <meta-data
29-->src/main/AndroidManifest.xml:24:7-26:32
30            android:name="android.max_aspect"
30-->src/main/AndroidManifest.xml:25:11-44
31            android:value="4.0" />
31-->src/main/AndroidManifest.xml:26:11-30
32    </application>
33
34</manifest>